<?xml version="1.0" encoding="UTF-8"?>
<!-- Generated by org.testng.reporters.JUnitReportReporter -->
<testsuite hostname="Aleysia5" failures="0" tests="4" name="org.course.selenium.alerts.FramesTests" time="6.641" errors="0" timestamp="2025-03-31T22:03:32 CEST" skipped="0">
  <testcase classname="org.course.selenium.alerts.FramesTests" name="messageContentBigFrameTest" time="1.404"/>
  <testcase classname="org.course.selenium.alerts.FramesTests" name="messageContentSmallFrameTest" time="0.824"/>
  <testcase classname="org.course.selenium.alerts.FramesTests" name="messageContentSmallFrameByWebElementTest" time="0.866"/>
  <testcase classname="org.course.selenium.alerts.FramesTests" name="getHeaderFrameTest" time="3.547"/>
</testsuite> <!-- org.course.selenium.alerts.FramesTests -->
