<?xml version="1.0" encoding="UTF-8"?>
<!-- Generated by org.testng.reporters.JUnitReportReporter -->
<testsuite hostname="Aleysia5" failures="0" tests="1" name="org.course.selenium.baseTest.javascript.JavascriptTest" time="2.383" errors="0" timestamp="2025-03-19T23:23:12 CET" skipped="0">
  <testcase classname="org.course.selenium.baseTest.javascript.JavascriptTest" name="testScrollingToElement" time="2.383"/>
</testsuite> <!-- org.course.selenium.baseTest.javascript.JavascriptTest -->
