<?xml version="1.0" encoding="UTF-8"?>
<!-- Generated by org.testng.reporters.JUnitReportReporter -->
<testsuite hostname="Aleysia5" failures="0" tests="1" name="org.course.selenium.widgets.DateTest" time="2.827" errors="0" timestamp="2025-03-29T23:22:49 CET" skipped="0">
  <testcase classname="org.course.selenium.widgets.DateTest" name="selectDateTest" time="2.827"/>
</testsuite> <!-- org.course.selenium.widgets.DateTest -->
