<?xml version="1.0" encoding="UTF-8"?>
<!-- Generated by org.testng.reporters.JUnitReportReporter -->
<testsuite hostname="Aleysia5" failures="0" tests="1" name="org.course.selenium.elements.TextBoxTests" time="4.015" errors="0" timestamp="2025-04-03T20:50:39 CEST" skipped="0">
  <testcase classname="org.course.selenium.elements.TextBoxTests" name="setWholeFIeldsTextBoxPageTest" time="4.015"/>
</testsuite> <!-- org.course.selenium.elements.TextBoxTests -->
