<?xml version="1.0" encoding="UTF-8"?>
<!-- Generated by org.testng.reporters.JUnitReportReporter -->
<testsuite hostname="Aleysia5" failures="0" tests="1" name="org.course.selenium.baseTest.javascript.PageFormsTest" time="2.456" errors="0" timestamp="2025-03-20T02:05:45 CET" skipped="0">
  <testcase classname="org.course.selenium.baseTest.javascript.PageFormsTest" name="testPageFormsTitle" time="2.456"/>
</testsuite> <!-- org.course.selenium.baseTest.javascript.PageFormsTest -->
