<?xml version="1.0" encoding="UTF-8"?>
<!-- Generated by org.testng.reporters.JUnitReportReporter -->
<testsuite hostname="Aleysia5" failures="0" tests="1" name="org.course.selenium.baseTest.javascript.forms.CheckboxTest" time="2.542" errors="0" timestamp="2025-04-03T14:39:25 CEST" skipped="0">
  <testcase classname="org.course.selenium.baseTest.javascript.forms.CheckboxTest" name="testCheckboxSportsIsSelected" time="2.542"/>
</testsuite> <!-- org.course.selenium.baseTest.javascript.forms.CheckboxTest -->
