<?xml version="1.0" encoding="UTF-8"?>
<!-- Generated by org.testng.reporters.JUnitReportReporter -->
<testsuite hostname="Aleysia5" failures="0" tests="1" name="org.course.selenium.elements.LinksTest" time="5.531" errors="0" timestamp="2025-03-21T22:54:45 CET" skipped="0">
  <testcase classname="org.course.selenium.elements.LinksTest" name="badRequestStatus" time="5.531"/>
</testsuite> <!-- org.course.selenium.elements.LinksTest -->
