<?xml version="1.0" encoding="UTF-8"?>
<!-- Generated by org.testng.reporters.JUnitReportReporter -->
<testsuite hostname="Aleysia5" failures="0" tests="1" name="org.course.selenium.widgets.ProgressBarTest" time="14.124" errors="0" timestamp="2025-04-02T21:06:47 CEST" skipped="0">
  <testcase classname="org.course.selenium.widgets.ProgressBarTest" name="testProgressBar" time="14.124"/>
</testsuite> <!-- org.course.selenium.widgets.ProgressBarTest -->
