<?xml version="1.0" encoding="UTF-8"?>
<!-- Generated by org.testng.reporters.JUnitReportReporter -->
<testsuite hostname="Aleysia5" failures="0" tests="1" name="org.course.selenium.baseTest.javascript.forms.RadioButtonTest" time="3.269" errors="0" timestamp="2025-04-03T14:39:25 CEST" skipped="0">
  <testcase classname="org.course.selenium.baseTest.javascript.forms.RadioButtonTest" name="testRadioButton" time="3.269"/>
</testsuite> <!-- org.course.selenium.baseTest.javascript.forms.RadioButtonTest -->
