<?xml version="1.0" encoding="UTF-8"?>
<!-- Generated by org.testng.reporters.JUnitReportReporter -->
<testsuite hostname="Aleysia5" failures="0" tests="4" name="org.course.selenium.alerts.AlertTest" time="13.303" errors="0" timestamp="2025-04-02T21:34:20 CEST" skipped="0">
  <testcase classname="org.course.selenium.alerts.AlertTest" name="acceptedConfirmationPromptAlertTest" time="10.392"/>
  <testcase classname="org.course.selenium.alerts.AlertTest" name="messageAlertTest" time="0.971"/>
  <testcase classname="org.course.selenium.alerts.AlertTest" name="refusedConfirmationMessageTest" time="0.673"/>
  <testcase classname="org.course.selenium.alerts.AlertTest" name="acceptConfirmationMessageTest" time="1.267"/>
</testsuite> <!-- org.course.selenium.alerts.AlertTest -->
