<?xml version="1.0" encoding="UTF-8"?>
<!-- Generated by org.testng.reporters.JUnitReportReporter -->
<testsuite hostname="Aleysia5" failures="0" tests="2" name="org.course.selenium.windows.WindowsTest" time="3.654" errors="0" timestamp="2025-04-01T21:04:18 CEST" skipped="0">
  <testcase classname="org.course.selenium.windows.WindowsTest" name="getNewTabMessage" time="0.646"/>
  <testcase classname="org.course.selenium.windows.WindowsTest" name="getNewWindowsUrlTest" time="3.008"/>
</testsuite> <!-- org.course.selenium.windows.WindowsTest -->
