<?xml version="1.0" encoding="UTF-8"?>
<!-- Generated by org.testng.reporters.JUnitReportReporter -->
<testsuite hostname="Aleysia5" failures="0" tests="1" name="org.course.selenium.elements.WebTablesTest" time="2.490" errors="0" timestamp="2025-03-29T23:22:49 CET" skipped="0">
  <testcase classname="org.course.selenium.elements.WebTablesTest" name="updateAgeOnWebTables" time="2.490"/>
</testsuite> <!-- org.course.selenium.elements.WebTablesTest -->
