<?xml version="1.0" encoding="UTF-8"?>
<!-- Generated by org.testng.reporters.JUnitReportReporter -->
<testsuite hostname="Aleysia5" failures="0" tests="1" name="org.course.selenium.modalTests.ModalDialogTests" time="2.587" errors="0" timestamp="2025-03-25T23:28:47 CET" skipped="0">
  <testcase classname="org.course.selenium.modalTests.ModalDialogTests" name="messageSmallModalTest" time="2.587"/>
</testsuite> <!-- org.course.selenium.modalTests.ModalDialogTests -->
