<?xml version="1.0" encoding="UTF-8"?>
<!-- Generated by org.testng.reporters.JUnitReportReporter -->
<testsuite hostname="Aleysia5" failures="0" tests="1" name="org.course.selenium.elements.DynamicPropertiesTest" time="3.849" errors="0" timestamp="2025-04-02T21:34:20 CEST" skipped="0">
  <testcase classname="org.course.selenium.elements.DynamicPropertiesTest" name="MessageEnableAfterButtonTest" time="3.849"/>
</testsuite> <!-- org.course.selenium.elements.DynamicPropertiesTest -->
