<?xml version="1.0" encoding="UTF-8"?>
<!-- Generated by org.testng.reporters.JUnitReportReporter -->
<testsuite hostname="Aleysia5" failures="0" tests="2" name="org.course.selenium.windows.WindowsTest" time="5.112" errors="0" timestamp="2025-04-02T21:34:20 CEST" skipped="0">
  <testcase classname="org.course.selenium.windows.WindowsTest" name="getNewWindowsUrlTest" time="4.431"/>
  <testcase classname="org.course.selenium.windows.WindowsTest" name="getNewTabMessage" time="0.681"/>
</testsuite> <!-- org.course.selenium.windows.WindowsTest -->
