<?xml version="1.0" encoding="UTF-8"?>
<!-- Generated by org.testng.reporters.JUnitReportReporter -->
<testsuite hostname="Aleysia5" failures="0" tests="1" name="org.course.selenium.widgets.SliderTest" time="4.484" errors="0" timestamp="2025-04-03T18:20:36 CEST" skipped="0">
  <testcase classname="org.course.selenium.widgets.SliderTest" name="sliderTest" time="4.484"/>
</testsuite> <!-- org.course.selenium.widgets.SliderTest -->
