<?xml version="1.0" encoding="UTF-8"?>
<!-- Generated by org.testng.reporters.JUnitReportReporter -->
<testsuite hostname="Aleysia5" failures="0" tests="1" name="org.course.selenium.widgets.DateTest" time="3.400" errors="0" timestamp="2025-03-23T20:06:51 CET" skipped="0">
  <testcase classname="org.course.selenium.widgets.DateTest" name="selectDateTest" time="3.400"/>
</testsuite> <!-- org.course.selenium.widgets.DateTest -->
