<?xml version="1.0" encoding="UTF-8"?>
<!-- Generated by org.testng.reporters.JUnitReportReporter -->
<testsuite hostname="Aleysia5" failures="0" tests="1" name="org.course.selenium.widgets.SelectDropdownTests" time="2.968" errors="0" timestamp="2025-03-22T15:01:10 CET" skipped="0">
  <testcase classname="org.course.selenium.widgets.SelectDropdownTests" name="testMultiSelectDropDown" time="2.968"/>
</testsuite> <!-- org.course.selenium.widgets.SelectDropdownTests -->
