<?xml version="1.0" encoding="UTF-8"?>
<!-- Generated by org.testng.reporters.JUnitReportReporter -->
<testsuite hostname="Aleysia5" failures="0" tests="1" name="org.course.selenium.baseTest.javascript.forms.RadioButtonTest" time="2.555" errors="0" timestamp="2025-03-20T15:02:54 CET" skipped="0">
  <testcase classname="org.course.selenium.baseTest.javascript.forms.RadioButtonTest" name="testRadioButton" time="2.555"/>
</testsuite> <!-- org.course.selenium.baseTest.javascript.forms.RadioButtonTest -->
