<?xml version="1.0" encoding="UTF-8"?>
<!-- Generated by org.testng.reporters.JUnitReportReporter -->
<testsuite hostname="Aleysia5" failures="0" tests="4" name="org.course.selenium.alerts.FramesTests" time="16.669" errors="0" timestamp="2025-04-02T21:34:20 CEST" skipped="0">
  <testcase classname="org.course.selenium.alerts.FramesTests" name="getHeaderFrameTest" time="0.713"/>
  <testcase classname="org.course.selenium.alerts.FramesTests" name="messageContentSmallFrameByWebElementTest" time="0.562"/>
  <testcase classname="org.course.selenium.alerts.FramesTests" name="messageContentSmallFrameTest" time="14.497"/>
  <testcase classname="org.course.selenium.alerts.FramesTests" name="messageContentBigFrameTest" time="0.897"/>
</testsuite> <!-- org.course.selenium.alerts.FramesTests -->
