<?xml version="1.0" encoding="UTF-8"?>
<!-- Generated by org.testng.reporters.JUnitReportReporter -->
<testsuite hostname="Aleysia5" failures="0" tests="4" name="org.course.selenium.alerts.AlertTest" time="4.279" errors="0" timestamp="2025-03-29T23:22:49 CET" skipped="0">
  <testcase classname="org.course.selenium.alerts.AlertTest" name="acceptConfirmationMessageTest" time="0.500"/>
  <testcase classname="org.course.selenium.alerts.AlertTest" name="refusedConfirmationMessageTest" time="0.393"/>
  <testcase classname="org.course.selenium.alerts.AlertTest" name="messageAlertTest" time="2.963"/>
  <testcase classname="org.course.selenium.alerts.AlertTest" name="acceptedConfirmationPromptAlertTest" time="0.423"/>
</testsuite> <!-- org.course.selenium.alerts.AlertTest -->
