<?xml version="1.0" encoding="UTF-8"?>
<!-- Generated by org.testng.reporters.JUnitReportReporter -->
<testsuite hostname="Aleysia5" failures="0" tests="1" name="org.course.selenium.elements.WebTablesTest" time="7.407" errors="0" timestamp="2025-04-02T21:34:20 CEST" skipped="0">
  <testcase classname="org.course.selenium.elements.WebTablesTest" name="updateAgeOnWebTables" time="7.407"/>
</testsuite> <!-- org.course.selenium.elements.WebTablesTest -->
